*** Starting uWSGI 2.0.17.1 (64bit) on [Wed Aug 29 20:08:55 2018] ***
compiled with version: 5.3.1 20160413 on 27 August 2018 11:59:45
os: Linux-4.4.0-21-generic #37-Ubuntu SMP Mon Apr 18 18:33:37 UTC 2016
nodename: ubuntu
machine: x86_64
clock source: unix
detected number of CPU cores: 1
current working directory: /etc/nginx
detected binary path: /usr/local/bin/uwsgi
!!! no internal routing support, rebuild with pcre support !!!
uWSGI running as root, you can use --uid/--gid/--chroot options
*** WARNING: you are running uWSGI as root !!! (use the --uid flag) *** 
chdir() to /home/klm/workspace/blogsite
your processes number limit is 7775
your memory page size is 4096 bytes
detected max file descriptor number: 204800
lock engine: pthread robust mutexes
thunder lock: disabled (you can enable it with --thunder-lock)
uwsgi socket 0 bound to TCP address 127.0.0.1:9090 fd 3
uWSGI running as root, you can use --uid/--gid/--chroot options
*** WARNING: you are running uWSGI as root !!! (use the --uid flag) *** 
Python version: 2.7.12 (default, Dec  4 2017, 14:50:18)  [GCC 5.4.0 20160609]
Python main interpreter initialized at 0x16df340
uWSGI running as root, you can use --uid/--gid/--chroot options
*** WARNING: you are running uWSGI as root !!! (use the --uid flag) *** 
python threads support enabled
your server socket listen backlog is limited to 100 connections
your mercy for graceful operations on workers is 60 seconds
mapped 250032 bytes (244 KB) for 4 cores
*** Operational MODE: preforking+threaded ***
/home/klm/workspace/blogsite
WSGI app 0 (mountpoint='') ready in 0 seconds on interpreter 0x16df340 pid: 4779 (default app)
uWSGI running as root, you can use --uid/--gid/--chroot options
*** WARNING: you are running uWSGI as root !!! (use the --uid flag) *** 
*** uWSGI is running in multiple interpreter mode ***
spawned uWSGI master process (pid: 4779)
spawned uWSGI worker 1 (pid: 4781, cores: 2)
spawned uWSGI worker 2 (pid: 4782, cores: 2)
invalid request block size: 21573 (max 4096)...skip
invalid request block size: 21573 (max 4096)...skip
invalid request block size: 21573 (max 4096)...skip
invalid request block size: 21573 (max 4096)...skip
invalid request block size: 21573 (max 4096)...skip
invalid request block size: 21573 (max 4096)...skip
invalid request block size: 21573 (max 4096)...skip
*** Starting uWSGI 2.0.17.1 (64bit) on [Wed Aug 29 20:11:25 2018] ***
compiled with version: 5.3.1 20160413 on 27 August 2018 11:59:45
os: Linux-4.4.0-21-generic #37-Ubuntu SMP Mon Apr 18 18:33:37 UTC 2016
nodename: ubuntu
machine: x86_64
clock source: unix
detected number of CPU cores: 1
current working directory: /etc/nginx
detected binary path: /usr/local/bin/uwsgi
!!! no internal routing support, rebuild with pcre support !!!
uWSGI running as root, you can use --uid/--gid/--chroot options
*** WARNING: you are running uWSGI as root !!! (use the --uid flag) *** 
chdir() to /home/klm/workspace/blogsite
your processes number limit is 7775
your memory page size is 4096 bytes
detected max file descriptor number: 204800
lock engine: pthread robust mutexes
thunder lock: disabled (you can enable it with --thunder-lock)
probably another instance of uWSGI is running on the same address (127.0.0.1:9090).
bind(): Address already in use [core/socket.c line 769]
invalid request block size: 21573 (max 4096)...skip
invalid request block size: 21573 (max 4096)...skip
invalid request block size: 21573 (max 4096)...skip
invalid request block size: 21573 (max 4096)...skip
invalid request block size: 21573 (max 4096)...skip
invalid request block size: 21573 (max 4096)...skip
invalid request block size: 21573 (max 4096)...skip
invalid request block size: 21573 (max 4096)...skip
invalid request block size: 21573 (max 4096)...skip
invalid request block size: 21573 (max 4096)...skip
invalid request block size: 21573 (max 4096)...skip
